#
# There is insufficient memory for the Java Runtime Environment to continue.
# Native memory allocation (malloc) failed to allocate 32744 bytes. Error detail: Chunk::new
# Possible reasons:
#   The system is out of physical RAM or swap space
#   This process is running with CompressedOops enabled, and the Java Heap may be blocking the growth of the native heap
# Possible solutions:
#   Reduce memory load on the system
#   Increase physical memory or swap space
#   Check if swap backing store is full
#   Decrease Java heap size (-Xmx/-Xms)
#   Decrease number of Java threads
#   Decrease Java thread stack sizes (-Xss)
#   Set larger code cache with -XX:ReservedCodeCacheSize=
#   JVM is running with Zero Based Compressed Oops mode in which the Java heap is
#     placed in the first 32GB address space. The Java Heap base address is the
#     maximum limit for the native heap growth. Please use -XX:HeapBaseMinAddress
#     to set the Java Heap base and to place the Java Heap above 32GB virtual address.
# This output file may be truncated or incomplete.
#
#  Out of Memory Error (arena.cpp:168), pid=26228, tid=29892
#
# JRE version: OpenJDK Runtime Environment JBR-21.0.8+1-1038.73-jcef (21.0.8+1) (build 21.0.8+1-b1038.73)
# Java VM: OpenJDK 64-Bit Server VM JBR-21.0.8+1-1038.73-jcef (21.0.8+1-b1038.73, mixed mode, sharing, tiered, compressed oops, compressed class ptrs, g1 gc, windows-amd64)
# No core dump will be written. Minidumps are not enabled by default on client versions of Windows
#

---------------  S U M M A R Y ------------

Command Line: com.intellij.mcpserver.stdio.McpStdioRunnerKt

Host: AMD Ryzen 5 5500                               , 12 cores, 15G,  Windows 11 , 64 bit Build 26100 (10.0.26100.7309)
Time: Sat Jan  3 17:55:02 2026 Hora oficial do Brasil elapsed time: 581.741555 seconds (0d 0h 9m 41s)

---------------  T H R E A D  ---------------

Current thread (0x000001f65e330250):  JavaThread "C2 CompilerThread0" daemon [_thread_in_native, id=29892, stack(0x000000e946500000,0x000000e946600000) (1024K)]


Current CompileTask:
C2:581741 1972       4       kotlinx.coroutines.scheduling.CoroutineScheduler$Worker::tryPark (106 bytes)

Stack: [0x000000e946500000,0x000000e946600000]
Native frames: (J=compiled Java code, j=interpreted, Vv=VM code, C=native code)
V  [jvm.dll+0x6ebeb9]
V  [jvm.dll+0x8cbec3]
V  [jvm.dll+0x8ce47e]
V  [jvm.dll+0x8ceb63]
V  [jvm.dll+0x28adf6]
V  [jvm.dll+0xc6f3d]
V  [jvm.dll+0xc7473]
V  [jvm.dll+0xc7065]
V  [jvm.dll+0x8b2a7c]
V  [jvm.dll+0x2596a3]
V  [jvm.dll+0x711537]
V  [jvm.dll+0x251097]
V  [jvm.dll+0x1ceb64]
V  [jvm.dll+0x260bfe]
V  [jvm.dll+0x25f146]
V  [jvm.dll+0x402ee6]
V  [jvm.dll+0x873a78]
V  [jvm.dll+0x6ea63d]
C  [ucrtbase.dll+0x37b0]
C  [KERNEL32.DLL+0x2e8d7]
C  [ntdll.dll+0x8c53c]


---------------  P R O C E S S  ---------------

Threads class SMR info:
_java_thread_list=0x000001f6a5474ac0, length=23, elements={
0x000001f640e323a0, 0x000001f65e3097c0, 0x000001f65e314830, 0x000001f65e315fb0,
0x000001f65e317ac0, 0x000001f65e318780, 0x000001f65e3223a0, 0x000001f65e325800,
0x000001f65e330250, 0x000001f65e333d20, 0x000001f65e5cc270, 0x000001f65e5caec0,
0x000001f65e5cc900, 0x000001f6a57c4ed0, 0x000001f6a57c8350, 0x000001f6a57c9070,
0x000001f6a57c89e0, 0x000001f6a57c6fa0, 0x000001f6a57c5bf0, 0x000001f6a57c9d90,
0x000001f6a57caab0, 0x000001f6a57ca420, 0x000001f6a57c6910
}

Java Threads: ( => current thread )
  0x000001f640e323a0 JavaThread "main"                              [_thread_blocked, id=33984, stack(0x000000e945600000,0x000000e945700000) (1024K)]
  0x000001f65e3097c0 JavaThread "Common-Cleaner"             daemon [_thread_blocked, id=19140, stack(0x000000e945e00000,0x000000e945f00000) (1024K)]
  0x000001f65e314830 JavaThread "Reference Handler"          daemon [_thread_blocked, id=34544, stack(0x000000e945f00000,0x000000e946000000) (1024K)]
  0x000001f65e315fb0 JavaThread "Finalizer"                  daemon [_thread_blocked, id=16572, stack(0x000000e946000000,0x000000e946100000) (1024K)]
  0x000001f65e317ac0 JavaThread "Signal Dispatcher"          daemon [_thread_blocked, id=4800, stack(0x000000e946100000,0x000000e946200000) (1024K)]
  0x000001f65e318780 JavaThread "Attach Listener"            daemon [_thread_blocked, id=25176, stack(0x000000e946200000,0x000000e946300000) (1024K)]
  0x000001f65e3223a0 JavaThread "Service Thread"             daemon [_thread_blocked, id=32500, stack(0x000000e946300000,0x000000e946400000) (1024K)]
  0x000001f65e325800 JavaThread "Monitor Deflation Thread"   daemon [_thread_blocked, id=32872, stack(0x000000e946400000,0x000000e946500000) (1024K)]
=>0x000001f65e330250 JavaThread "C2 CompilerThread0"         daemon [_thread_in_native, id=29892, stack(0x000000e946500000,0x000000e946600000) (1024K)]
  0x000001f65e333d20 JavaThread "C1 CompilerThread0"         daemon [_thread_blocked, id=29888, stack(0x000000e946600000,0x000000e946700000) (1024K)]
  0x000001f65e5cc270 JavaThread "Notification Thread"        daemon [_thread_blocked, id=29852, stack(0x000000e946700000,0x000000e946800000) (1024K)]
  0x000001f65e5caec0 JavaThread "DefaultDispatcher-worker-2" daemon [_thread_blocked, id=3708, stack(0x000000e946f00000,0x000000e947000000) (1024K)]
  0x000001f65e5cc900 JavaThread "DefaultDispatcher-worker-3" daemon [_thread_blocked, id=10668, stack(0x000000e947000000,0x000000e947100000) (1024K)]
  0x000001f6a57c4ed0 JavaThread "DefaultDispatcher-worker-6" daemon [_thread_blocked, id=31872, stack(0x000000e947500000,0x000000e947600000) (1024K)]
  0x000001f6a57c8350 JavaThread "DefaultDispatcher-worker-7" daemon [_thread_in_native, id=34684, stack(0x000000e947600000,0x000000e947700000) (1024K)]
  0x000001f6a57c9070 JavaThread "DefaultDispatcher-worker-8" daemon [_thread_blocked, id=28296, stack(0x000000e947700000,0x000000e947800000) (1024K)]
  0x000001f6a57c89e0 JavaThread "DefaultDispatcher-worker-10" daemon [_thread_blocked, id=22492, stack(0x000000e946800000,0x000000e946900000) (1024K)]
  0x000001f6a57c6fa0 JavaThread "DefaultDispatcher-worker-11" daemon [_thread_blocked, id=1684, stack(0x000000e947900000,0x000000e947a00000) (1024K)]
  0x000001f6a57c5bf0 JavaThread "DefaultDispatcher-worker-12" daemon [_thread_blocked, id=30480, stack(0x000000e947a00000,0x000000e947b00000) (1024K)]
  0x000001f6a57c9d90 JavaThread "DefaultDispatcher-worker-4" daemon [_thread_blocked, id=23584, stack(0x000000e947d00000,0x000000e947e00000) (1024K)]
  0x000001f6a57caab0 JavaThread "DefaultDispatcher-worker-5" daemon [_thread_blocked, id=29672, stack(0x000000e947e00000,0x000000e947f00000) (1024K)]
  0x000001f6a57ca420 JavaThread "DefaultDispatcher-worker-9" daemon [_thread_in_native, id=8704, stack(0x000000e948100000,0x000000e948200000) (1024K)]
  0x000001f6a57c6910 JavaThread "DefaultDispatcher-worker-1" daemon [_thread_blocked, id=30580, stack(0x000000e945400000,0x000000e945500000) (1024K)]
Total: 23

Other Threads:
  0x000001f65e2f00a0 VMThread "VM Thread"                           [id=23488, stack(0x000000e945d00000,0x000000e945e00000) (1024K)]
  0x000001f65e2dd100 WatcherThread "VM Periodic Task Thread"        [id=30868, stack(0x000000e945c00000,0x000000e945d00000) (1024K)]
  0x000001f6431cfcf0 WorkerThread "GC Thread#0"                     [id=2976, stack(0x000000e945700000,0x000000e945800000) (1024K)]
  0x000001f6a5412d80 WorkerThread "GC Thread#1"                     [id=17020, stack(0x000000e946900000,0x000000e946a00000) (1024K)]
  0x000001f6a5413120 WorkerThread "GC Thread#2"                     [id=23352, stack(0x000000e946a00000,0x000000e946b00000) (1024K)]
  0x000001f6a52db0c0 WorkerThread "GC Thread#3"                     [id=16424, stack(0x000000e946b00000,0x000000e946c00000) (1024K)]
  0x000001f6a52db460 WorkerThread "GC Thread#4"                     [id=12992, stack(0x000000e946c00000,0x000000e946d00000) (1024K)]
  0x000001f6a52db800 WorkerThread "GC Thread#5"                     [id=22868, stack(0x000000e946d00000,0x000000e946e00000) (1024K)]
  0x000001f6431e21b0 ConcurrentGCThread "G1 Main Marker"            [id=30368, stack(0x000000e945800000,0x000000e945900000) (1024K)]
  0x000001f6431e3450 WorkerThread "G1 Conc#0"                       [id=24888, stack(0x000000e945900000,0x000000e945a00000) (1024K)]
  0x000001f65e19c5f0 ConcurrentGCThread "G1 Refine#0"               [id=34284, stack(0x000000e945a00000,0x000000e945b00000) (1024K)]
  0x000001f65e19ce10 ConcurrentGCThread "G1 Service"                [id=22672, stack(0x000000e945b00000,0x000000e945c00000) (1024K)]
Total: 12

Threads with active compile tasks:
C2 CompilerThread0  581812 1972       4       kotlinx.coroutines.scheduling.CoroutineScheduler$Worker::tryPark (106 bytes)
Total: 1

VM state: not at safepoint (normal execution)

VM Mutex/Monitor currently owned by a thread: None

Heap address: 0x0000000701a00000, size: 4070 MB, Compressed Oops mode: Zero based, Oop shift amount: 3

CDS archive(s) mapped at: [0x000001f65f000000-0x000001f660c00000-0x000001f660c00000), size 29360128, SharedBaseAddress: 0x000001f65f000000, ArchiveRelocationMode: 1.
Compressed class space mapped at: 0x000001f661000000-0x000001f6a1000000, reserved size: 1073741824
Narrow klass base: 0x000001f65f000000, Narrow klass shift: 0, Narrow klass range: 0x100000000

GC Precious Log:
 CardTable entry size: 512
 Card Set container configuration: InlinePtr #cards 4 size 8 Array Of Cards #cards 16 size 48 Howl #buckets 8 coarsen threshold 3686 Howl Bitmap #cards 512 size 80 coarsen threshold 460 Card regions per heap region 1 cards per card region 4096
 CPUs: 12 total, 12 available
 Memory: 16277M
 Large Page Support: Disabled
 NUMA Support: Disabled
 Compressed Oops: Enabled (Zero based)
 Heap Region Size: 2M
 Heap Min Capacity: 8M
 Heap Initial Capacity: 256M
 Heap Max Capacity: 4070M
 Pre-touch: Disabled
 Parallel Workers: 10
 Concurrent Workers: 3
 Concurrent Refinement Workers: 10
 Periodic GC: Disabled

Heap:
 garbage-first heap   total 262144K, used 36255K [0x0000000701a00000, 0x0000000800000000)
  region size 2048K, 16 young (32768K), 2 survivors (4096K)
 Metaspace       used 14964K, committed 15168K, reserved 1114112K
  class space    used 1705K, committed 1792K, reserved 1048576K

Heap Regions: E=young(eden), S=young(survivor), O=old, HS=humongous(starts), HC=humongous(continues), CS=collection set, F=free, TAMS=top-at-mark-start, PB=parsable bottom
|   0|0x0000000701a00000, 0x0000000701c00000, 0x0000000701c00000|100%|HS|  |TAMS 0x0000000701a00000| PB 0x0000000701a00000| Complete 
|   1|0x0000000701c00000, 0x0000000701e00000, 0x0000000701e00000|100%|HS|  |TAMS 0x0000000701c00000| PB 0x0000000701c00000| Complete 
|   2|0x0000000701e00000, 0x0000000702000000, 0x0000000702000000|100%|HC|  |TAMS 0x0000000701e00000| PB 0x0000000701e00000| Complete 
|   3|0x0000000702000000, 0x0000000702000000, 0x0000000702200000|  0%| F|  |TAMS 0x0000000702000000| PB 0x0000000702000000| Untracked 
|   4|0x0000000702200000, 0x0000000702200000, 0x0000000702400000|  0%| F|  |TAMS 0x0000000702200000| PB 0x0000000702200000| Untracked 
|   5|0x0000000702400000, 0x0000000702400000, 0x0000000702600000|  0%| F|  |TAMS 0x0000000702400000| PB 0x0000000702400000| Untracked 
|   6|0x0000000702600000, 0x0000000702600000, 0x0000000702800000|  0%| F|  |TAMS 0x0000000702600000| PB 0x0000000702600000| Untracked 
|   7|0x0000000702800000, 0x0000000702800000, 0x0000000702a00000|  0%| F|  |TAMS 0x0000000702800000| PB 0x0000000702800000| Untracked 
|   8|0x0000000702a00000, 0x0000000702a00000, 0x0000000702c00000|  0%| F|  |TAMS 0x0000000702a00000| PB 0x0000000702a00000| Untracked 
|   9|0x0000000702c00000, 0x0000000702c00000, 0x0000000702e00000|  0%| F|  |TAMS 0x0000000702c00000| PB 0x0000000702c00000| Untracked 
|  10|0x0000000702e00000, 0x0000000702e00000, 0x0000000703000000|  0%| F|  |TAMS 0x0000000702e00000| PB 0x0000000702e00000| Untracked 
|  11|0x0000000703000000, 0x0000000703000000, 0x0000000703200000|  0%| F|  |TAMS 0x0000000703000000| PB 0x0000000703000000| Untracked 
|  12|0x0000000703200000, 0x0000000703200000, 0x0000000703400000|  0%| F|  |TAMS 0x0000000703200000| PB 0x0000000703200000| Untracked 
|  13|0x0000000703400000, 0x0000000703400000, 0x0000000703600000|  0%| F|  |TAMS 0x0000000703400000| PB 0x0000000703400000| Untracked 
|  14|0x0000000703600000, 0x0000000703600000, 0x0000000703800000|  0%| F|  |TAMS 0x0000000703600000| PB 0x0000000703600000| Untracked 
|  15|0x0000000703800000, 0x0000000703800000, 0x0000000703a00000|  0%| F|  |TAMS 0x0000000703800000| PB 0x0000000703800000| Untracked 
|  16|0x0000000703a00000, 0x0000000703a00000, 0x0000000703c00000|  0%| F|  |TAMS 0x0000000703a00000| PB 0x0000000703a00000| Untracked 
|  17|0x0000000703c00000, 0x0000000703c00000, 0x0000000703e00000|  0%| F|  |TAMS 0x0000000703c00000| PB 0x0000000703c00000| Untracked 
|  18|0x0000000703e00000, 0x0000000703e00000, 0x0000000704000000|  0%| F|  |TAMS 0x0000000703e00000| PB 0x0000000703e00000| Untracked 
|  19|0x0000000704000000, 0x0000000704000000, 0x0000000704200000|  0%| F|  |TAMS 0x0000000704000000| PB 0x0000000704000000| Untracked 
|  20|0x0000000704200000, 0x0000000704200000, 0x0000000704400000|  0%| F|  |TAMS 0x0000000704200000| PB 0x0000000704200000| Untracked 
|  21|0x0000000704400000, 0x0000000704400000, 0x0000000704600000|  0%| F|  |TAMS 0x0000000704400000| PB 0x0000000704400000| Untracked 
|  22|0x0000000704600000, 0x0000000704600000, 0x0000000704800000|  0%| F|  |TAMS 0x0000000704600000| PB 0x0000000704600000| Untracked 
|  23|0x0000000704800000, 0x0000000704800000, 0x0000000704a00000|  0%| F|  |TAMS 0x0000000704800000| PB 0x0000000704800000| Untracked 
|  24|0x0000000704a00000, 0x0000000704a00000, 0x0000000704c00000|  0%| F|  |TAMS 0x0000000704a00000| PB 0x0000000704a00000| Untracked 
|  25|0x0000000704c00000, 0x0000000704c00000, 0x0000000704e00000|  0%| F|  |TAMS 0x0000000704c00000| PB 0x0000000704c00000| Untracked 
|  26|0x0000000704e00000, 0x0000000704e00000, 0x0000000705000000|  0%| F|  |TAMS 0x0000000704e00000| PB 0x0000000704e00000| Untracked 
|  27|0x0000000705000000, 0x0000000705000000, 0x0000000705200000|  0%| F|  |TAMS 0x0000000705000000| PB 0x0000000705000000| Untracked 
|  28|0x0000000705200000, 0x0000000705200000, 0x0000000705400000|  0%| F|  |TAMS 0x0000000705200000| PB 0x0000000705200000| Untracked 
|  29|0x0000000705400000, 0x0000000705400000, 0x0000000705600000|  0%| F|  |TAMS 0x0000000705400000| PB 0x0000000705400000| Untracked 
|  30|0x0000000705600000, 0x0000000705600000, 0x0000000705800000|  0%| F|  |TAMS 0x0000000705600000| PB 0x0000000705600000| Untracked 
|  31|0x0000000705800000, 0x0000000705800000, 0x0000000705a00000|  0%| F|  |TAMS 0x0000000705800000| PB 0x0000000705800000| Untracked 
|  32|0x0000000705a00000, 0x0000000705a00000, 0x0000000705c00000|  0%| F|  |TAMS 0x0000000705a00000| PB 0x0000000705a00000| Untracked 
|  33|0x0000000705c00000, 0x0000000705c00000, 0x0000000705e00000|  0%| F|  |TAMS 0x0000000705c00000| PB 0x0000000705c00000| Untracked 
|  34|0x0000000705e00000, 0x0000000705e00000, 0x0000000706000000|  0%| F|  |TAMS 0x0000000705e00000| PB 0x0000000705e00000| Untracked 
|  35|0x0000000706000000, 0x0000000706000000, 0x0000000706200000|  0%| F|  |TAMS 0x0000000706000000| PB 0x0000000706000000| Untracked 
|  36|0x0000000706200000, 0x0000000706200000, 0x0000000706400000|  0%| F|  |TAMS 0x0000000706200000| PB 0x0000000706200000| Untracked 
|  37|0x0000000706400000, 0x0000000706400000, 0x0000000706600000|  0%| F|  |TAMS 0x0000000706400000| PB 0x0000000706400000| Untracked 
|  38|0x0000000706600000, 0x0000000706600000, 0x0000000706800000|  0%| F|  |TAMS 0x0000000706600000| PB 0x0000000706600000| Untracked 
|  39|0x0000000706800000, 0x0000000706800000, 0x0000000706a00000|  0%| F|  |TAMS 0x0000000706800000| PB 0x0000000706800000| Untracked 
|  40|0x0000000706a00000, 0x0000000706a00000, 0x0000000706c00000|  0%| F|  |TAMS 0x0000000706a00000| PB 0x0000000706a00000| Untracked 
|  41|0x0000000706c00000, 0x0000000706c00000, 0x0000000706e00000|  0%| F|  |TAMS 0x0000000706c00000| PB 0x0000000706c00000| Untracked 
|  42|0x0000000706e00000, 0x0000000706e00000, 0x0000000707000000|  0%| F|  |TAMS 0x0000000706e00000| PB 0x0000000706e00000| Untracked 
|  43|0x0000000707000000, 0x0000000707000000, 0x0000000707200000|  0%| F|  |TAMS 0x0000000707000000| PB 0x0000000707000000| Untracked 
|  44|0x0000000707200000, 0x0000000707200000, 0x0000000707400000|  0%| F|  |TAMS 0x0000000707200000| PB 0x0000000707200000| Untracked 
|  45|0x0000000707400000, 0x0000000707400000, 0x0000000707600000|  0%| F|  |TAMS 0x0000000707400000| PB 0x0000000707400000| Untracked 
|  46|0x0000000707600000, 0x0000000707600000, 0x0000000707800000|  0%| F|  |TAMS 0x0000000707600000| PB 0x0000000707600000| Untracked 
|  47|0x0000000707800000, 0x0000000707800000, 0x0000000707a00000|  0%| F|  |TAMS 0x0000000707800000| PB 0x0000000707800000| Untracked 
|  48|0x0000000707a00000, 0x0000000707a00000, 0x0000000707c00000|  0%| F|  |TAMS 0x0000000707a00000| PB 0x0000000707a00000| Untracked 
|  49|0x0000000707c00000, 0x0000000707c00000, 0x0000000707e00000|  0%| F|  |TAMS 0x0000000707c00000| PB 0x0000000707c00000| Untracked 
|  50|0x0000000707e00000, 0x0000000707e00000, 0x0000000708000000|  0%| F|  |TAMS 0x0000000707e00000| PB 0x0000000707e00000| Untracked 
|  51|0x0000000708000000, 0x0000000708000000, 0x0000000708200000|  0%| F|  |TAMS 0x0000000708000000| PB 0x0000000708000000| Untracked 
|  52|0x0000000708200000, 0x0000000708200000, 0x0000000708400000|  0%| F|  |TAMS 0x0000000708200000| PB 0x0000000708200000| Untracked 
|  53|0x0000000708400000, 0x0000000708400000, 0x0000000708600000|  0%| F|  |TAMS 0x0000000708400000| PB 0x0000000708400000| Untracked 
|  54|0x0000000708600000, 0x0000000708600000, 0x0000000708800000|  0%| F|  |TAMS 0x0000000708600000| PB 0x0000000708600000| Untracked 
|  55|0x0000000708800000, 0x0000000708800000, 0x0000000708a00000|  0%| F|  |TAMS 0x0000000708800000| PB 0x0000000708800000| Untracked 
|  56|0x0000000708a00000, 0x0000000708a00000, 0x0000000708c00000|  0%| F|  |TAMS 0x0000000708a00000| PB 0x0000000708a00000| Untracked 
|  57|0x0000000708c00000, 0x0000000708c00000, 0x0000000708e00000|  0%| F|  |TAMS 0x0000000708c00000| PB 0x0000000708c00000| Untracked 
|  58|0x0000000708e00000, 0x0000000708e00000, 0x0000000709000000|  0%| F|  |TAMS 0x0000000708e00000| PB 0x0000000708e00000| Untracked 
|  59|0x0000000709000000, 0x0000000709000000, 0x0000000709200000|  0%| F|  |TAMS 0x0000000709000000| PB 0x0000000709000000| Untracked 
|  60|0x0000000709200000, 0x0000000709200000, 0x0000000709400000|  0%| F|  |TAMS 0x0000000709200000| PB 0x0000000709200000| Untracked 
|  61|0x0000000709400000, 0x0000000709400000, 0x0000000709600000|  0%| F|  |TAMS 0x0000000709400000| PB 0x0000000709400000| Untracked 
|  62|0x0000000709600000, 0x0000000709600000, 0x0000000709800000|  0%| F|  |TAMS 0x0000000709600000| PB 0x0000000709600000| Untracked 
|  63|0x0000000709800000, 0x0000000709800000, 0x0000000709a00000|  0%| F|  |TAMS 0x0000000709800000| PB 0x0000000709800000| Untracked 
|  64|0x0000000709a00000, 0x0000000709a00000, 0x0000000709c00000|  0%| F|  |TAMS 0x0000000709a00000| PB 0x0000000709a00000| Untracked 
|  65|0x0000000709c00000, 0x0000000709c00000, 0x0000000709e00000|  0%| F|  |TAMS 0x0000000709c00000| PB 0x0000000709c00000| Untracked 
|  66|0x0000000709e00000, 0x0000000709e00000, 0x000000070a000000|  0%| F|  |TAMS 0x0000000709e00000| PB 0x0000000709e00000| Untracked 
|  67|0x000000070a000000, 0x000000070a000000, 0x000000070a200000|  0%| F|  |TAMS 0x000000070a000000| PB 0x000000070a000000| Untracked 
|  68|0x000000070a200000, 0x000000070a200000, 0x000000070a400000|  0%| F|  |TAMS 0x000000070a200000| PB 0x000000070a200000| Untracked 
|  69|0x000000070a400000, 0x000000070a400000, 0x000000070a600000|  0%| F|  |TAMS 0x000000070a400000| PB 0x000000070a400000| Untracked 
|  70|0x000000070a600000, 0x000000070a600000, 0x000000070a800000|  0%| F|  |TAMS 0x000000070a600000| PB 0x000000070a600000| Untracked 
|  71|0x000000070a800000, 0x000000070a800000, 0x000000070aa00000|  0%| F|  |TAMS 0x000000070a800000| PB 0x000000070a800000| Untracked 
|  72|0x000000070aa00000, 0x000000070aa00000, 0x000000070ac00000|  0%| F|  |TAMS 0x000000070aa00000| PB 0x000000070aa00000| Untracked 
|  73|0x000000070ac00000, 0x000000070ac00000, 0x000000070ae00000|  0%| F|  |TAMS 0x000000070ac00000| PB 0x000000070ac00000| Untracked 
|  74|0x000000070ae00000, 0x000000070ae00000, 0x000000070b000000|  0%| F|  |TAMS 0x000000070ae00000| PB 0x000000070ae00000| Untracked 
|  75|0x000000070b000000, 0x000000070b000000, 0x000000070b200000|  0%| F|  |TAMS 0x000000070b000000| PB 0x000000070b000000| Untracked 
|  76|0x000000070b200000, 0x000000070b200000, 0x000000070b400000|  0%| F|  |TAMS 0x000000070b200000| PB 0x000000070b200000| Untracked 
|  77|0x000000070b400000, 0x000000070b400000, 0x000000070b600000|  0%| F|  |TAMS 0x000000070b400000| PB 0x000000070b400000| Untracked 
|  78|0x000000070b600000, 0x000000070b600000, 0x000000070b800000|  0%| F|  |TAMS 0x000000070b600000| PB 0x000000070b600000| Untracked 
|  79|0x000000070b800000, 0x000000070b800000, 0x000000070ba00000|  0%| F|  |TAMS 0x000000070b800000| PB 0x000000070b800000| Untracked 
|  80|0x000000070ba00000, 0x000000070ba00000, 0x000000070bc00000|  0%| F|  |TAMS 0x000000070ba00000| PB 0x000000070ba00000| Untracked 
|  81|0x000000070bc00000, 0x000000070bc00000, 0x000000070be00000|  0%| F|  |TAMS 0x000000070bc00000| PB 0x000000070bc00000| Untracked 
|  82|0x000000070be00000, 0x000000070be00000, 0x000000070c000000|  0%| F|  |TAMS 0x000000070be00000| PB 0x000000070be00000| Untracked 
|  83|0x000000070c000000, 0x000000070c000000, 0x000000070c200000|  0%| F|  |TAMS 0x000000070c000000| PB 0x000000070c000000| Untracked 
|  84|0x000000070c200000, 0x000000070c200000, 0x000000070c400000|  0%| F|  |TAMS 0x000000070c200000| PB 0x000000070c200000| Untracked 
|  85|0x000000070c400000, 0x000000070c400000, 0x000000070c600000|  0%| F|  |TAMS 0x000000070c400000| PB 0x000000070c400000| Untracked 
|  86|0x000000070c600000, 0x000000070c600000, 0x000000070c800000|  0%| F|  |TAMS 0x000000070c600000| PB 0x000000070c600000| Untracked 
|  87|0x000000070c800000, 0x000000070c800000, 0x000000070ca00000|  0%| F|  |TAMS 0x000000070c800000| PB 0x000000070c800000| Untracked 
|  88|0x000000070ca00000, 0x000000070ca00000, 0x000000070cc00000|  0%| F|  |TAMS 0x000000070ca00000| PB 0x000000070ca00000| Untracked 
|  89|0x000000070cc00000, 0x000000070cc00000, 0x000000070ce00000|  0%| F|  |TAMS 0x000000070cc00000| PB 0x000000070cc00000| Untracked 
|  90|0x000000070ce00000, 0x000000070ce00000, 0x000000070d000000|  0%| F|  |TAMS 0x000000070ce00000| PB 0x000000070ce00000| Untracked 
|  91|0x000000070d000000, 0x000000070d000000, 0x000000070d200000|  0%| F|  |TAMS 0x000000070d000000| PB 0x000000070d000000| Untracked 
|  92|0x000000070d200000, 0x000000070d200000, 0x000000070d400000|  0%| F|  |TAMS 0x000000070d200000| PB 0x000000070d200000| Untracked 
|  93|0x000000070d400000, 0x000000070d400000, 0x000000070d600000|  0%| F|  |TAMS 0x000000070d400000| PB 0x000000070d400000| Untracked 
|  94|0x000000070d600000, 0x000000070d600000, 0x000000070d800000|  0%| F|  |TAMS 0x000000070d600000| PB 0x000000070d600000| Untracked 
|  95|0x000000070d800000, 0x000000070d800000, 0x000000070da00000|  0%| F|  |TAMS 0x000000070d800000| PB 0x000000070d800000| Untracked 
|  96|0x000000070da00000, 0x000000070da00000, 0x000000070dc00000|  0%| F|  |TAMS 0x000000070da00000| PB 0x000000070da00000| Untracked 
|  97|0x000000070dc00000, 0x000000070dc00000, 0x000000070de00000|  0%| F|  |TAMS 0x000000070dc00000| PB 0x000000070dc00000| Untracked 
|  98|0x000000070de00000, 0x000000070de00000, 0x000000070e000000|  0%| F|  |TAMS 0x000000070de00000| PB 0x000000070de00000| Untracked 
|  99|0x000000070e000000, 0x000000070e000000, 0x000000070e200000|  0%| F|  |TAMS 0x000000070e000000| PB 0x000000070e000000| Untracked 
| 100|0x000000070e200000, 0x000000070e200000, 0x000000070e400000|  0%| F|  |TAMS 0x000000070e200000| PB 0x000000070e200000| Untracked 
| 101|0x000000070e400000, 0x000000070e400000, 0x000000070e600000|  0%| F|  |TAMS 0x000000070e400000| PB 0x000000070e400000| Untracked 
| 102|0x000000070e600000, 0x000000070e600000, 0x000000070e800000|  0%| F|  |TAMS 0x000000070e600000| PB 0x000000070e600000| Untracked 
| 103|0x000000070e800000, 0x000000070e800000, 0x000000070ea00000|  0%| F|  |TAMS 0x000000070e800000| PB 0x000000070e800000| Untracked 
| 104|0x000000070ea00000, 0x000000070ea00000, 0x000000070ec00000|  0%| F|  |TAMS 0x000000070ea00000| PB 0x000000070ea00000| Untracked 
| 105|0x000000070ec00000, 0x000000070ec00000, 0x000000070ee00000|  0%| F|  |TAMS 0x000000070ec00000| PB 0x000000070ec00000| Untracked 
| 106|0x000000070ee00000, 0x000000070ee00000, 0x000000070f000000|  0%| F|  |TAMS 0x000000070ee00000| PB 0x000000070ee00000| Untracked 
| 107|0x000000070f000000, 0x000000070f000000, 0x000000070f200000|  0%| F|  |TAMS 0x000000070f000000| PB 0x000000070f000000| Untracked 
| 108|0x000000070f200000, 0x000000070f200000, 0x000000070f400000|  0%| F|  |TAMS 0x000000070f200000| PB 0x000000070f200000| Untracked 
| 109|0x000000070f400000, 0x000000070f400000, 0x000000070f600000|  0%| F|  |TAMS 0x000000070f400000| PB 0x000000070f400000| Untracked 
| 110|0x000000070f600000, 0x000000070f600000, 0x000000070f800000|  0%| F|  |TAMS 0x000000070f600000| PB 0x000000070f600000| Untracked 
| 111|0x000000070f800000, 0x000000070f800000, 0x000000070fa00000|  0%| F|  |TAMS 0x000000070f800000| PB 0x000000070f800000| Untracked 
| 112|0x000000070fa00000, 0x000000070fb666f8, 0x000000070fc00000| 70%| E|  |TAMS 0x000000070fa00000| PB 0x000000070fa00000| Complete 
| 113|0x000000070fc00000, 0x000000070fe00000, 0x000000070fe00000|100%| E|CS|TAMS 0x000000070fc00000| PB 0x000000070fc00000| Complete 
| 114|0x000000070fe00000, 0x0000000710000000, 0x0000000710000000|100%| E|CS|TAMS 0x000000070fe00000| PB 0x000000070fe00000| Complete 
| 115|0x0000000710000000, 0x0000000710167f70, 0x0000000710200000| 70%| S|CS|TAMS 0x0000000710000000| PB 0x0000000710000000| Complete 
| 116|0x0000000710200000, 0x0000000710400000, 0x0000000710400000|100%| S|CS|TAMS 0x0000000710200000| PB 0x0000000710200000| Complete 
| 117|0x0000000710400000, 0x0000000710600000, 0x0000000710600000|100%| E|CS|TAMS 0x0000000710400000| PB 0x0000000710400000| Complete 
| 118|0x0000000710600000, 0x0000000710800000, 0x0000000710800000|100%| E|CS|TAMS 0x0000000710600000| PB 0x0000000710600000| Complete 
| 119|0x0000000710800000, 0x0000000710a00000, 0x0000000710a00000|100%| E|CS|TAMS 0x0000000710800000| PB 0x0000000710800000| Complete 
| 120|0x0000000710a00000, 0x0000000710c00000, 0x0000000710c00000|100%| E|CS|TAMS 0x0000000710a00000| PB 0x0000000710a00000| Complete 
| 121|0x0000000710c00000, 0x0000000710e00000, 0x0000000710e00000|100%| E|CS|TAMS 0x0000000710c00000| PB 0x0000000710c00000| Complete 
| 122|0x0000000710e00000, 0x0000000711000000, 0x0000000711000000|100%| E|CS|TAMS 0x0000000710e00000| PB 0x0000000710e00000| Complete 
| 123|0x0000000711000000, 0x0000000711200000, 0x0000000711200000|100%| E|CS|TAMS 0x0000000711000000| PB 0x0000000711000000| Complete 
| 124|0x0000000711200000, 0x0000000711400000, 0x0000000711400000|100%| E|CS|TAMS 0x0000000711200000| PB 0x0000000711200000| Complete 
| 125|0x0000000711400000, 0x0000000711600000, 0x0000000711600000|100%| E|CS|TAMS 0x0000000711400000| PB 0x0000000711400000| Complete 
| 126|0x0000000711600000, 0x0000000711800000, 0x0000000711800000|100%| E|CS|TAMS 0x0000000711600000| PB 0x0000000711600000| Complete 
| 127|0x0000000711800000, 0x0000000711a00000, 0x0000000711a00000|100%| E|CS|TAMS 0x0000000711800000| PB 0x0000000711800000| Complete 

Card table byte_map: [0x000001f656f00000,0x000001f657700000] _byte_map_base: 0x000001f6536f3000

Marking Bits: (CMBitMap*) 0x000001f6431d03f0
 Bits: [0x000001f657700000, 0x000001f65b698000)

Polling page: 0x000001f640da0000

Metaspace:

Usage:
  Non-class:     12.95 MB used.
      Class:      1.67 MB used.
       Both:     14.61 MB used.

Virtual space:
  Non-class space:       64.00 MB reserved,      13.06 MB ( 20%) committed,  1 nodes.
      Class space:        1.00 GB reserved,       1.75 MB ( <1%) committed,  1 nodes.
             Both:        1.06 GB reserved,      14.81 MB (  1%) committed. 

Chunk freelists:
   Non-Class:  288.00 KB
       Class:  14.12 MB
        Both:  14.41 MB

MaxMetaspaceSize: unlimited
CompressedClassSpaceSize: 1.00 GB
Initial GC threshold: 21.00 MB
Current GC threshold: 21.00 MB
CDS: on
 - commit_granule_bytes: 65536.
 - commit_granule_words: 8192.
 - virtual_space_node_default_size: 8388608.
 - enlarge_chunks_in_place: 1.
 - use_allocation_guard: 0.


Internal statistics:

num_allocs_failed_limit: 0.
num_arena_births: 74.
num_arena_deaths: 0.
num_vsnodes_births: 2.
num_vsnodes_deaths: 0.
num_space_committed: 237.
num_space_uncommitted: 0.
num_chunks_returned_to_freelist: 0.
num_chunks_taken_from_freelist: 586.
num_chunk_merges: 0.
num_chunk_splits: 477.
num_chunks_enlarged: 432.
num_inconsistent_stats: 0.

CodeHeap 'non-profiled nmethods': size=120000Kb used=709Kb max_used=709Kb free=119290Kb
 bounds [0x000001f64ec80000, 0x000001f64eef0000, 0x000001f6561b0000]
CodeHeap 'profiled nmethods': size=120000Kb used=3661Kb max_used=3661Kb free=116338Kb
 bounds [0x000001f6471b0000, 0x000001f647550000, 0x000001f64e6e0000]
CodeHeap 'non-nmethods': size=5760Kb used=1465Kb max_used=1487Kb free=4294Kb
 bounds [0x000001f64e6e0000, 0x000001f64e950000, 0x000001f64ec80000]
CodeCache: size=245760Kb, used=5835Kb, max_used=5857Kb, free=239922Kb
 total_blobs=2518, nmethods=1971, adapters=451, full_count=0
Compilation: enabled, stopped_count=0, restarted_count=0

Compilation events (20 events):
Event: 266.739 Thread 0x000001f65e330250 nmethod 1962 0x000001f64ed2b910 code [0x000001f64ed2baa0, 0x000001f64ed2bb98]
Event: 270.812 Thread 0x000001f65e330250 1963       4       java.util.concurrent.atomic.AtomicLongFieldUpdater$CASUpdater::getAndAdd (18 bytes)
Event: 270.813 Thread 0x000001f65e330250 nmethod 1963 0x000001f64ed2bc90 code [0x000001f64ed2be20, 0x000001f64ed2bf98]
Event: 293.227 Thread 0x000001f65e330250 1964       4       java.util.concurrent.atomic.AtomicIntegerFieldUpdater$AtomicIntegerFieldUpdaterImpl::getAndAdd (18 bytes)
Event: 293.228 Thread 0x000001f65e330250 nmethod 1964 0x000001f64ed2c110 code [0x000001f64ed2c2a0, 0x000001f64ed2c418]
Event: 319.184 Thread 0x000001f65e330250 1965       4       kotlin.coroutines.CombinedContext::get (61 bytes)
Event: 319.185 Thread 0x000001f65e330250 nmethod 1965 0x000001f64ed2c590 code [0x000001f64ed2c740, 0x000001f64ed2c8b8]
Event: 319.684 Thread 0x000001f65e330250 1966       4       kotlinx.coroutines.DispatchedTask::getSuccessfulResult$kotlinx_coroutines_core (2 bytes)
Event: 319.685 Thread 0x000001f65e330250 nmethod 1966 0x000001f64ed2ca90 code [0x000001f64ed2cc20, 0x000001f64ed2cca8]
Event: 364.064 Thread 0x000001f65e330250 1967       4       kotlinx.coroutines.scheduling.CoroutineScheduler$Worker::findAnyTask (120 bytes)
Event: 364.087 Thread 0x000001f65e330250 nmethod 1967 0x000001f64ed2cd90 code [0x000001f64ed2d1a0, 0x000001f64ed2ec28]
Event: 364.577 Thread 0x000001f65e330250 1968       4       kotlinx.coroutines.scheduling.CoroutineScheduler$Worker::findTask (18 bytes)
Event: 364.579 Thread 0x000001f65e330250 nmethod 1968 0x000001f64ed30610 code [0x000001f64ed307c0, 0x000001f64ed30a60]
Event: 444.780 Thread 0x000001f65e330250 1969       4       java.util.concurrent.atomic.AtomicIntegerFieldUpdater$AtomicIntegerFieldUpdaterImpl::compareAndSet (19 bytes)
Event: 444.781 Thread 0x000001f65e330250 nmethod 1969 0x000001f64ed30c90 code [0x000001f64ed30e20, 0x000001f64ed30fa0]
Event: 532.893 Thread 0x000001f65e330250 1970       4       kotlinx.coroutines.JobSupport::getKey (7 bytes)
Event: 532.893 Thread 0x000001f65e330250 nmethod 1970 0x000001f64ed31110 code [0x000001f64ed312a0, 0x000001f64ed31330]
Event: 569.047 Thread 0x000001f65e330250 1971       4       kotlinx.coroutines.JobSupport::get (6 bytes)
Event: 569.048 Thread 0x000001f65e330250 nmethod 1971 0x000001f64ed31410 code [0x000001f64ed315a0, 0x000001f64ed31660]
Event: 579.709 Thread 0x000001f65e330250 1972       4       kotlinx.coroutines.scheduling.CoroutineScheduler$Worker::tryPark (106 bytes)

GC Heap History (2 events):
Event: 0.455 GC heap before
{Heap before GC invocations=0 (full 0):
 garbage-first heap   total 262144K, used 28672K [0x0000000701a00000, 0x0000000800000000)
  region size 2048K, 11 young (22528K), 0 survivors (0K)
 Metaspace       used 7759K, committed 7936K, reserved 1114112K
  class space    used 821K, committed 896K, reserved 1048576K
}
Event: 0.459 GC heap after
{Heap after GC invocations=1 (full 0):
 garbage-first heap   total 262144K, used 9631K [0x0000000701a00000, 0x0000000800000000)
  region size 2048K, 2 young (4096K), 2 survivors (4096K)
 Metaspace       used 7759K, committed 7936K, reserved 1114112K
  class space    used 821K, committed 896K, reserved 1048576K
}

Dll operation events (2 events):
Event: 0.008 Loaded shared library C:\Program Files\JetBrains\WebStorm 2025.2.4\jbr\bin\java.dll
Event: 0.539 Loaded shared library C:\Program Files\JetBrains\WebStorm 2025.2.4\jbr\bin\zip.dll

Deoptimization events (20 events):
Event: 1.056 Thread 0x000001f65e5ccf90 Uncommon trap: trap_request=0xffffffde fr.pc=0x000001f64ecb8b94 relative=0x0000000000000074
Event: 1.056 Thread 0x000001f65e5ccf90 Uncommon trap: reason=class_check action=maybe_recompile pc=0x000001f64ecb8b94 method=java.util.Collections$UnmodifiableCollection.size()I @ 4 c2
Event: 1.056 Thread 0x000001f65e5ccf90 DEOPT PACKING pc=0x000001f64ecb8b94 sp=0x000000e9471fef30
Event: 1.056 Thread 0x000001f65e5ccf90 DEOPT UNPACKING pc=0x000001f64e7346a2 sp=0x000000e9471feec0 mode 2
Event: 1.063 Thread 0x000001f65e5cc900 Uncommon trap: trap_request=0xffffffde fr.pc=0x000001f64ecb8b94 relative=0x0000000000000074
Event: 1.063 Thread 0x000001f65e5cc900 Uncommon trap: reason=class_check action=maybe_recompile pc=0x000001f64ecb8b94 method=java.util.Collections$UnmodifiableCollection.size()I @ 4 c2
Event: 1.063 Thread 0x000001f65e5cc900 DEOPT PACKING pc=0x000001f64ecb8b94 sp=0x000000e9470fec40
Event: 1.063 Thread 0x000001f65e5cc900 DEOPT UNPACKING pc=0x000001f64e7346a2 sp=0x000000e9470febd0 mode 2
Event: 1.114 Thread 0x000001f6a57c9700 Uncommon trap: trap_request=0xffffff45 fr.pc=0x000001f64ed0f13c relative=0x000000000000027c
Event: 1.114 Thread 0x000001f6a57c9700 Uncommon trap: reason=unstable_if action=reinterpret pc=0x000001f64ed0f13c method=kotlinx.io.Buffer.writableSegment(I)Lkotlinx/io/Segment; @ 102 c2
Event: 1.114 Thread 0x000001f6a57c9700 DEOPT PACKING pc=0x000001f64ed0f13c sp=0x000000e947cfef30
Event: 1.114 Thread 0x000001f6a57c9700 DEOPT UNPACKING pc=0x000001f64e7346a2 sp=0x000000e947cfeec8 mode 2
Event: 3.665 Thread 0x000001f65e5ccf90 Uncommon trap: trap_request=0xffffff45 fr.pc=0x000001f64ed1751c relative=0x000000000000057c
Event: 3.665 Thread 0x000001f65e5ccf90 Uncommon trap: reason=unstable_if action=reinterpret pc=0x000001f64ed1751c method=kotlinx.coroutines.scheduling.WorkQueue.pollBuffer()Lkotlinx/coroutines/scheduling/Task; @ 38 c2
Event: 3.665 Thread 0x000001f65e5ccf90 DEOPT PACKING pc=0x000001f64ed1751c sp=0x000000e9471ff230
Event: 3.665 Thread 0x000001f65e5ccf90 DEOPT UNPACKING pc=0x000001f64e7346a2 sp=0x000000e9471ff178 mode 2
Event: 9.298 Thread 0x000001f6a57c6fa0 Uncommon trap: trap_request=0xffffff45 fr.pc=0x000001f64ed16940 relative=0x00000000000001e0
Event: 9.298 Thread 0x000001f6a57c6fa0 Uncommon trap: reason=unstable_if action=reinterpret pc=0x000001f64ed16940 method=kotlinx.coroutines.scheduling.WorkQueue.pollBuffer()Lkotlinx/coroutines/scheduling/Task; @ 38 c2
Event: 9.298 Thread 0x000001f6a57c6fa0 DEOPT PACKING pc=0x000001f64ed16940 sp=0x000000e9479ff020
Event: 9.298 Thread 0x000001f6a57c6fa0 DEOPT UNPACKING pc=0x000001f64e7346a2 sp=0x000000e9479fefd0 mode 2

Classes loaded (20 events):
Event: 0.792 Loading class jdk/net/UnixDomainPrincipal
Event: 0.793 Loading class jdk/net/UnixDomainPrincipal done
Event: 0.793 Loading class jdk/net/ExtendedSocketOptions$PlatformSocketOptions
Event: 0.793 Loading class jdk/net/ExtendedSocketOptions$PlatformSocketOptions done
Event: 0.793 Loading class jdk/net/ExtendedSocketOptions$2
Event: 0.793 Loading class jdk/net/ExtendedSocketOptions$2 done
Event: 0.794 Loading class jdk/net/WindowsSocketOptions
Event: 0.794 Loading class jdk/net/WindowsSocketOptions done
Event: 0.799 Loading class jdk/net/ExtendedSocketOptions$1
Event: 0.799 Loading class jdk/net/ExtendedSocketOptions$1 done
Event: 0.801 Loading class java/nio/BufferMismatch
Event: 0.806 Loading class java/nio/BufferMismatch done
Event: 0.806 Loading class sun/nio/ch/SourceChannelImpl
Event: 0.806 Loading class java/nio/channels/Pipe$SourceChannel
Event: 0.808 Loading class java/nio/channels/Pipe$SourceChannel done
Event: 0.808 Loading class sun/nio/ch/SourceChannelImpl done
Event: 0.808 Loading class sun/nio/ch/SinkChannelImpl
Event: 0.808 Loading class java/nio/channels/Pipe$SinkChannel
Event: 0.808 Loading class java/nio/channels/Pipe$SinkChannel done
Event: 0.808 Loading class sun/nio/ch/SinkChannelImpl done

Classes unloaded (0 events):
No events

Classes redefined (0 events):
No events

Internal exceptions (11 events):
Event: 0.266 Thread 0x000001f640e323a0 Implicit null exception at 0x000001f64eca12a0 to 0x000001f64eca184c
Event: 0.338 Thread 0x000001f640e323a0 Implicit null exception at 0x000001f64eca4220 to 0x000001f64eca47c4
Event: 0.386 Thread 0x000001f640e323a0 Exception <a 'java/lang/NoSuchMethodError'{0x0000000710612b20}: 'int java.lang.invoke.DirectMethodHandle$Holder.invokeInterface(java.lang.Object, java.lang.Object)'> (0x0000000710612b20) 
thrown [s\src\hotspot\share\interpreter\linkResolver.cpp, line 784]
Event: 0.495 Thread 0x000001f640e323a0 Exception <a 'java/lang/NoSuchMethodError'{0x00000007119d4f48}: 'java.lang.Object java.lang.invoke.DirectMethodHandle$Holder.invokeStatic(java.lang.Object, java.lang.Object, int, java.lang.Object, int)'> (0x00000007119d4f48) 
thrown [s\src\hotspot\share\interpreter\linkResolver.cpp, line 784]
Event: 0.495 Thread 0x000001f640e323a0 Exception <a 'java/lang/NoSuchMethodError'{0x00000007119dbaf8}: 'java.lang.Object java.lang.invoke.DirectMethodHandle$Holder.newInvokeSpecial(java.lang.Object, java.lang.Object, int)'> (0x00000007119dbaf8) 
thrown [s\src\hotspot\share\interpreter\linkResolver.cpp, line 784]
Event: 0.772 Thread 0x000001f640e323a0 Exception <a 'java/lang/NoSuchMethodError'{0x00000007113aff08}: 'java.lang.Object java.lang.invoke.DirectMethodHandle$Holder.invokeSpecial(java.lang.Object, java.lang.Object, int, java.lang.Object, int)'> (0x00000007113aff08) 
thrown [s\src\hotspot\share\interpreter\linkResolver.cpp, line 784]
Event: 0.787 Thread 0x000001f65e5ce340 Exception <a 'java/lang/NoSuchMethodError'{0x00000007110eb730}: 'java.lang.Object java.lang.invoke.DirectMethodHandle$Holder.invokeStaticInit(java.lang.Object, java.lang.Object, int, int, int, int)'> (0x00000007110eb730) 
thrown [s\src\hotspot\share\interpreter\linkResolver.cpp, line 784]
Event: 0.825 Thread 0x000001f65e5ccf90 Exception <a 'java/lang/NoSuchMethodError'{0x0000000710f0b218}: 'java.lang.Object java.lang.invoke.DirectMethodHandle$Holder.newInvokeSpecial(java.lang.Object, java.lang.Object, java.lang.Object, int, java.lang.Object, java.lang.Object, java.lang.Object)'> (0x0000000710f0b218) 
thrown [s\src\hotspot\share\interpreter\linkResolver.cpp, line 784]
Event: 0.861 Thread 0x000001f65e5cc900 Exception <a 'java/lang/NoSuchMethodError'{0x0000000710d30a98}: 'long java.lang.invoke.DirectMethodHandle$Holder.invokeStatic(java.lang.Object)'> (0x0000000710d30a98) 
thrown [s\src\hotspot\share\interpreter\linkResolver.cpp, line 784]
Event: 0.866 Thread 0x000001f65e5ccf90 Exception <a 'java/lang/NoSuchMethodError'{0x0000000710d09a10}: 'java.lang.Object java.lang.invoke.DirectMethodHandle$Holder.newInvokeSpecial(java.lang.Object, java.lang.Object, java.lang.Object, java.lang.Object, java.lang.Object, java.lang.Object)'> (0x0000000710d09a10) 
thrown [s\src\hotspot\share\interpreter\linkResolver.cpp, line 784]
Event: 0.917 Thread 0x000001f65e5caec0 Exception <a 'java/lang/NoSuchMethodError'{0x00000007108031c8}: 'int java.lang.invoke.DirectMethodHandle$Holder.invokeStaticInit(java.lang.Object, java.lang.Object, int)'> (0x00000007108031c8) 
thrown [s\src\hotspot\share\interpreter\linkResolver.cpp, line 784]

ZGC Phase Switch (0 events):
No events

VM Operations (20 events):
Event: 300.819 Executing VM operation: HandshakeAllThreads (HandshakeForDeflation)
Event: 300.819 Executing VM operation: HandshakeAllThreads (HandshakeForDeflation) done
Event: 300.819 Executing VM operation: RendezvousGCThreads
Event: 300.819 Executing VM operation: RendezvousGCThreads done
Event: 320.029 Executing VM operation: Cleanup
Event: 320.029 Executing VM operation: Cleanup done
Event: 361.014 Executing VM operation: HandshakeAllThreads (HandshakeForDeflation)
Event: 361.014 Executing VM operation: HandshakeAllThreads (HandshakeForDeflation) done
Event: 361.014 Executing VM operation: RendezvousGCThreads
Event: 361.014 Executing VM operation: RendezvousGCThreads done
Event: 481.289 Executing VM operation: HandshakeAllThreads (HandshakeForDeflation)
Event: 481.289 Executing VM operation: HandshakeAllThreads (HandshakeForDeflation) done
Event: 481.289 Executing VM operation: RendezvousGCThreads
Event: 481.289 Executing VM operation: RendezvousGCThreads done
Event: 541.437 Executing VM operation: HandshakeAllThreads (HandshakeForDeflation)
Event: 541.437 Executing VM operation: HandshakeAllThreads (HandshakeForDeflation) done
Event: 541.438 Executing VM operation: RendezvousGCThreads
Event: 541.438 Executing VM operation: RendezvousGCThreads done
Event: 569.725 Executing VM operation: Cleanup
Event: 569.725 Executing VM operation: Cleanup done

Memory protections (0 events):
No events

Nmethod flushes (0 events):
No events

Events (20 events):
Event: 1.104 Thread 0x000001f6a57c7630 Thread added: 0x000001f6a57cbe60
Event: 1.104 Thread 0x000001f6a57c7630 Thread added: 0x000001f6a57ca420
Event: 1.112 Thread 0x000001f65e333d20 Thread added: 0x000001f6a5a82560
Event: 2.136 Thread 0x000001f6a5a82560 Thread exited: 0x000001f6a5a82560
Event: 12.121 Thread 0x000001f6a57c6910 Thread exited: 0x000001f6a57c6910
Event: 23.672 Thread 0x000001f65e5ccf90 Thread added: 0x000001f6a57c6910
Event: 34.700 Thread 0x000001f6a57c6910 Thread exited: 0x000001f6a57c6910
Event: 36.748 Thread 0x000001f6a57c5560 Thread added: 0x000001f6a57c6910
Event: 52.768 Thread 0x000001f6a57c6910 Thread exited: 0x000001f6a57c6910
Event: 89.268 Thread 0x000001f6a57c6280 Thread exited: 0x000001f6a57c6280
Event: 90.612 Thread 0x000001f65e5ccf90 Thread added: 0x000001f6a57c6280
Event: 90.621 Thread 0x000001f6a57cbe60 Thread added: 0x000001f6a57c6910
Event: 101.625 Thread 0x000001f6a57c6280 Thread exited: 0x000001f6a57c6280
Event: 150.632 Thread 0x000001f6a57c7cc0 Thread exited: 0x000001f6a57c7cc0
Event: 150.632 Thread 0x000001f65e5ccf90 Thread exited: 0x000001f65e5ccf90
Event: 150.633 Thread 0x000001f6a57c7630 Thread exited: 0x000001f6a57c7630
Event: 150.633 Thread 0x000001f6a57c5560 Thread exited: 0x000001f6a57c5560
Event: 150.633 Thread 0x000001f6a57c9700 Thread exited: 0x000001f6a57c9700
Event: 150.633 Thread 0x000001f65e5ce340 Thread exited: 0x000001f65e5ce340
Event: 150.633 Thread 0x000001f6a57cbe60 Thread exited: 0x000001f6a57cbe60


Dynamic libraries:
0x00007ff73a0a0000 - 0x00007ff73a0aa000 	C:\Program Files\JetBrains\WebStorm 2025.2.4\jbr\bin\java.exe
0x00007fff2d3e0000 - 0x00007fff2d647000 	C:\WINDOWS\SYSTEM32\ntdll.dll
0x00007fff2be10000 - 0x00007fff2bed9000 	C:\WINDOWS\System32\KERNEL32.DLL
0x00007fff2ad50000 - 0x00007fff2b13f000 	C:\WINDOWS\System32\KERNELBASE.dll
0x00007fff2a5e0000 - 0x00007fff2a72b000 	C:\WINDOWS\System32\ucrtbase.dll
0x00007fff24a60000 - 0x00007fff24a78000 	C:\Program Files\JetBrains\WebStorm 2025.2.4\jbr\bin\jli.dll
0x00007fff23bd0000 - 0x00007fff23beb000 	C:\Program Files\JetBrains\WebStorm 2025.2.4\jbr\bin\VCRUNTIME140.dll
0x00007fff2b3a0000 - 0x00007fff2b565000 	C:\WINDOWS\System32\USER32.dll
0x00007fff1aa40000 - 0x00007fff1acd3000 	C:\WINDOWS\WinSxS\amd64_microsoft.windows.common-controls_6595b64144ccf1df_6.0.26100.7309_none_3e05feeae336a044\COMCTL32.dll
0x00007fff2a500000 - 0x00007fff2a527000 	C:\WINDOWS\System32\win32u.dll
0x00007fff2b600000 - 0x00007fff2b6a9000 	C:\WINDOWS\System32\msvcrt.dll
0x00007fff2c940000 - 0x00007fff2c96b000 	C:\WINDOWS\System32\GDI32.dll
0x00007fff2aab0000 - 0x00007fff2abdc000 	C:\WINDOWS\System32\gdi32full.dll
0x00007fff2a530000 - 0x00007fff2a5d3000 	C:\WINDOWS\System32\msvcp_win.dll
0x00007fff2c980000 - 0x00007fff2c9b1000 	C:\WINDOWS\System32\IMM32.DLL
0x00007fff26840000 - 0x00007fff2684c000 	C:\Program Files\JetBrains\WebStorm 2025.2.4\jbr\bin\vcruntime140_1.dll
0x00007ffeefee0000 - 0x00007ffeeff6d000 	C:\Program Files\JetBrains\WebStorm 2025.2.4\jbr\bin\msvcp140.dll
0x00007ffebf370000 - 0x00007ffec013b000 	C:\Program Files\JetBrains\WebStorm 2025.2.4\jbr\bin\server\jvm.dll
0x00007fff2c880000 - 0x00007fff2c934000 	C:\WINDOWS\System32\ADVAPI32.dll
0x00007fff2c9f0000 - 0x00007fff2ca96000 	C:\WINDOWS\System32\sechost.dll
0x00007fff2b280000 - 0x00007fff2b398000 	C:\WINDOWS\System32\RPCRT4.dll
0x00007fff2c2f0000 - 0x00007fff2c364000 	C:\WINDOWS\System32\WS2_32.dll
0x00007fff2a380000 - 0x00007fff2a3de000 	C:\WINDOWS\SYSTEM32\POWRPROF.dll
0x00007fff1b400000 - 0x00007fff1b435000 	C:\WINDOWS\SYSTEM32\WINMM.dll
0x00007fff22bf0000 - 0x00007fff22bfb000 	C:\WINDOWS\SYSTEM32\VERSION.dll
0x00007fff2a360000 - 0x00007fff2a374000 	C:\WINDOWS\SYSTEM32\UMPDC.dll
0x00007fff29270000 - 0x00007fff2928b000 	C:\WINDOWS\SYSTEM32\kernel.appcore.dll
0x00007fff25240000 - 0x00007fff2524a000 	C:\Program Files\JetBrains\WebStorm 2025.2.4\jbr\bin\jimage.dll
0x00007fff27e60000 - 0x00007fff280a2000 	C:\WINDOWS\SYSTEM32\DBGHELP.DLL
0x00007fff2cfe0000 - 0x00007fff2d365000 	C:\WINDOWS\System32\combase.dll
0x00007fff2c190000 - 0x00007fff2c266000 	C:\WINDOWS\System32\OLEAUT32.dll
0x00007fff01e80000 - 0x00007fff01ebc000 	C:\WINDOWS\SYSTEM32\dbgcore.DLL
0x00007fff2a8b0000 - 0x00007fff2a955000 	C:\WINDOWS\System32\bcryptPrimitives.dll
0x00007fff23bb0000 - 0x00007fff23bd0000 	C:\Program Files\JetBrains\WebStorm 2025.2.4\jbr\bin\java.dll
0x00007fff2b6b0000 - 0x00007fff2be03000 	C:\WINDOWS\System32\SHELL32.dll
0x00007fff2abe0000 - 0x00007fff2ad4a000 	C:\WINDOWS\System32\wintypes.dll
0x00007fff280e0000 - 0x00007fff2893e000 	C:\WINDOWS\SYSTEM32\windows.storage.dll
0x00007fff2cd40000 - 0x00007fff2ce35000 	C:\WINDOWS\System32\SHCORE.dll
0x00007fff2c800000 - 0x00007fff2c866000 	C:\WINDOWS\System32\shlwapi.dll
0x00007fff2a420000 - 0x00007fff2a449000 	C:\WINDOWS\SYSTEM32\profapi.dll
0x00007fff24e50000 - 0x00007fff24e60000 	C:\Program Files\JetBrains\WebStorm 2025.2.4\jbr\bin\net.dll
0x00007fff22a70000 - 0x00007fff22b98000 	C:\WINDOWS\SYSTEM32\WINHTTP.dll
0x00007fff297c0000 - 0x00007fff2982b000 	C:\WINDOWS\system32\mswsock.dll
0x00007fff23b70000 - 0x00007fff23b86000 	C:\Program Files\JetBrains\WebStorm 2025.2.4\jbr\bin\nio.dll
0x00007fff23b90000 - 0x00007fff23ba8000 	C:\Program Files\JetBrains\WebStorm 2025.2.4\jbr\bin\zip.dll
0x00007fff23ea0000 - 0x00007fff23eae000 	C:\Program Files\JetBrains\WebStorm 2025.2.4\jbr\bin\sunmscapi.dll
0x00007fff2a730000 - 0x00007fff2a8a7000 	C:\WINDOWS\System32\CRYPT32.dll
0x00007fff29d00000 - 0x00007fff29d30000 	C:\WINDOWS\SYSTEM32\ncrypt.dll
0x00007fff29cb0000 - 0x00007fff29cef000 	C:\WINDOWS\SYSTEM32\NTASN1.dll
0x00007fff25250000 - 0x00007fff25258000 	C:\WINDOWS\system32\wshunix.dll
0x00007fff29bb0000 - 0x00007fff29bcb000 	C:\WINDOWS\SYSTEM32\CRYPTSP.dll
0x00007fff291d0000 - 0x00007fff2920a000 	C:\WINDOWS\system32\rsaenh.dll
0x00007fff29870000 - 0x00007fff2989b000 	C:\WINDOWS\SYSTEM32\USERENV.dll
0x00007fff2a3f0000 - 0x00007fff2a41a000 	C:\WINDOWS\SYSTEM32\bcrypt.dll
0x00007fff29a10000 - 0x00007fff29a1c000 	C:\WINDOWS\SYSTEM32\CRYPTBASE.dll
0x00007fff28c60000 - 0x00007fff28c94000 	C:\WINDOWS\SYSTEM32\IPHLPAPI.DLL
0x00007fff2c870000 - 0x00007fff2c87a000 	C:\WINDOWS\System32\NSI.dll
0x00007fff23ac0000 - 0x00007fff23ac9000 	C:\Program Files\JetBrains\WebStorm 2025.2.4\jbr\bin\extnet.dll
0x00007fff28ca0000 - 0x00007fff28dcc000 	C:\WINDOWS\SYSTEM32\DNSAPI.dll
0x00007fff21380000 - 0x00007fff2138b000 	C:\Windows\System32\rasadhlp.dll
0x00007fff22370000 - 0x00007fff223f6000 	C:\WINDOWS\System32\fwpuclnt.dll

JVMTI agents: none

dbghelp: loaded successfully - version: 4.0.5 - missing functions: none
symbol engine: initialized successfully - sym options: 0x614 - pdb path: .;C:\Program Files\JetBrains\WebStorm 2025.2.4\jbr\bin;C:\WINDOWS\SYSTEM32;C:\WINDOWS\WinSxS\amd64_microsoft.windows.common-controls_6595b64144ccf1df_6.0.26100.7309_none_3e05feeae336a044;C:\Program Files\JetBrains\WebStorm 2025.2.4\jbr\bin\server

VM Arguments:
java_command: com.intellij.mcpserver.stdio.McpStdioRunnerKt
java_class_path (initial): C:\Users\hcass\AppData\Roaming\JetBrains\WebStorm2025.2\plugins\mcpserver\lib\mcpserver-frontend.jar;C:\Program Files\JetBrains\WebStorm 2025.2.4\lib\util-8.jar;C:\Program Files\JetBrains\WebStorm 2025.2.4\lib\modules\intellij.libraries.ktor.client.cio.jar;C:\Program Files\JetBrains\WebStorm 2025.2.4\lib\lib-client.jar;C:\Program Files\JetBrains\WebStorm 2025.2.4\lib\modules\intellij.libraries.ktor.client.jar
Launcher Type: SUN_STANDARD

[Global flags]
     intx CICompilerCount                          = 4                                         {product} {ergonomic}
     uint ConcGCThreads                            = 3                                         {product} {ergonomic}
     uint G1ConcRefinementThreads                  = 10                                        {product} {ergonomic}
   size_t G1HeapRegionSize                         = 2097152                                   {product} {ergonomic}
    uintx GCDrainStackTargetSize                   = 64                                        {product} {ergonomic}
   size_t InitialHeapSize                          = 268435456                                 {product} {ergonomic}
   size_t MarkStackSize                            = 4194304                                   {product} {ergonomic}
   size_t MaxHeapSize                              = 4267704320                                {product} {ergonomic}
   size_t MaxNewSize                               = 2560622592                                {product} {ergonomic}
   size_t MinHeapDeltaBytes                        = 2097152                                   {product} {ergonomic}
   size_t MinHeapSize                              = 8388608                                   {product} {ergonomic}
    uintx NonNMethodCodeHeapSize                   = 5839372                                {pd product} {ergonomic}
    uintx NonProfiledCodeHeapSize                  = 122909434                              {pd product} {ergonomic}
    uintx ProfiledCodeHeapSize                     = 122909434                              {pd product} {ergonomic}
    uintx ReservedCodeCacheSize                    = 251658240                              {pd product} {ergonomic}
     bool SegmentedCodeCache                       = true                                      {product} {ergonomic}
   size_t SoftMaxHeapSize                          = 4267704320                             {manageable} {ergonomic}
     bool UseCompressedOops                        = true                           {product lp64_product} {ergonomic}
     bool UseG1GC                                  = true                                      {product} {ergonomic}
     bool UseLargePagesIndividualAllocation        = false                                  {pd product} {ergonomic}

Logging:
Log output configuration:
 #0: stdout all=warning uptime,level,tags foldmultilines=false
 #1: stderr all=off uptime,level,tags foldmultilines=false

Environment Variables:
PATH=C:\app\hcass\product\21c\dbhomeXE\bin;C:\WINDOWS\system32;C:\WINDOWS;C:\WINDOWS\System32\Wbem;C:\WINDOWS\System32\WindowsPowerShell\v1.0\;C:\WINDOWS\System32\OpenSSH\;C:\Program Files\Cloudflare\Cloudflare WARP\;C:\oracle\product\18.0.0\xe\bin;C:\Program Files\Git\cmd;C:\Program Files\Docker\Docker\resources\bin;%NVM_HOME%;%NVM_SYMLINK%;C:\Users\hcass\AppData\Local\Programs\Python\Launcher\;C:\Users\hcass\AppData\Local\Microsoft\WindowsApps;C:\Program Files\JetBrains\PyCharm 2025.2.4\bin;C:\Program Files\JetBrains\WebStorm 2025.2.4\bin;C:\Users\hcass\AppData\Roaming\npm;C:\Users\hcass\AppData\Local\Programs\Microsoft VS Code\bin;C:\Users\hcass\AppData\Local\GitHubDesktop\bin;E:\IntelliJ IDEA 2025.3.1\bin;C:\Users\hcass\AppData\Local\Google\Cloud SDK\google-cloud-sdk\bin;C:\Users\hcass\AppData\Local\nvm;C:\nvm4w\nodejs
USERNAME=hcass
SHELL=C:\Program Files\Git\bin\bash.exe
OS=Windows_NT
PROCESSOR_IDENTIFIER=AMD64 Family 25 Model 80 Stepping 0, AuthenticAMD
TMP=C:\Users\hcass\AppData\Local\Temp
TEMP=C:\Users\hcass\AppData\Local\Temp




Periodic native trim disabled

JNI global refs:
JNI global refs: 20, weak refs: 0

JNI global refs memory usage: 835, weak refs: 833

Process memory usage:
Resident Set Size: 120764K (0% of 16667768K total physical memory with 1852160K free physical memory)

OOME stack traces (most recent first):
Classloader memory used:
Loader jdk.internal.loader.ClassLoaders$AppClassLoader                                 : 13400K
Loader bootstrap                                                                       : 1419K
Loader jdk.internal.loader.ClassLoaders$PlatformClassLoader                            : 143K

---------------  S Y S T E M  ---------------

OS:
 Windows 11 , 64 bit Build 26100 (10.0.26100.7309)
OS uptime: 1 days 5:16 hours
Hyper-V role detected

CPU: total 12 (initial active 12) (12 cores per cpu, 2 threads per core) family 25 model 80 stepping 0 microcode 0xa50000f, cx8, cmov, fxsr, ht, mmx, 3dnowpref, sse, sse2, sse3, ssse3, sse4a, sse4.1, sse4.2, popcnt, lzcnt, tsc, tscinvbit, avx, avx2, aes, erms, clmul, bmi1, bmi2, adx, sha, fma, vzeroupper, clflush, clflushopt, hv, rdtscp, rdpid, fsrm, f16c, cet_ss
Processor Information for the first 12 processors :
  Max Mhz: 3600, Current Mhz: 3600, Mhz Limit: 3600

Memory: 4k page, system-wide physical 16277M (1808M free)
TotalPageFile size 44778M (AvailPageFile size 7M)
current process WorkingSet (physical memory assigned to process): 118M, peak: 120M
current process commit charge ("private bytes"): 388M, peak: 392M

vm_info: OpenJDK 64-Bit Server VM (21.0.8+1-b1038.73) for windows-amd64 JRE (21.0.8+1-b1038.73), built on 2025-09-24 by "builduser" with MS VC++ 16.10 / 16.11 (VS2019)

END.
